#
# There is insufficient memory for the Java Runtime Environment to continue.
# Native memory allocation (malloc) failed to allocate 1384336 bytes for Chunk::new
# Possible reasons:
#   The system is out of physical RAM or swap space
#   The process is running with CompressedOops enabled, and the Java Heap may be blocking the growth of the native heap
# Possible solutions:
#   Reduce memory load on the system
#   Increase physical memory or swap space
#   Check if swap backing store is full
#   Decrease Java heap size (-Xmx/-Xms)
#   Decrease number of Java threads
#   Decrease Java thread stack sizes (-Xss)
#   Set larger code cache with -XX:ReservedCodeCacheSize=
#   JVM is running with Unscaled Compressed Oops mode in which the Java heap is
#     placed in the first 4GB address space. The Java Heap base address is the
#     maximum limit for the native heap growth. Please use -XX:HeapBaseMinAddress
#     to set the Java Heap base and to place the Java Heap above 4GB virtual address.
# This output file may be truncated or incomplete.
#
#  Out of Memory Error (allocation.cpp:389), pid=3052, tid=0x0000000000000394
#
# JRE version: OpenJDK Runtime Environment (8.0_212-b04) (build 1.8.0_212-release-1586-b04)
# Java VM: OpenJDK 64-Bit Server VM (25.212-b04 mixed mode windows-amd64 compressed oops)
# Failed to write core dump. Minidumps are not enabled by default on client versions of Windows
#

---------------  T H R E A D  ---------------

Current thread (0x0000000057453800):  JavaThread "C2 CompilerThread1" daemon [_thread_in_native, id=916, stack(0x00000000578c0000,0x00000000579c0000)]

Stack: [0x00000000578c0000,0x00000000579c0000]
[error occurred during error reporting (printing stack bounds), id 0xc0000005]

Native frames: (J=compiled Java code, j=interpreted, Vv=VM code, C=native code)


Current CompileTask:
C2:4748669 22270       4       com.android.utils.PositionXmlParser::getPositionHelper (757 bytes)


---------------  P R O C E S S  ---------------

Java Threads: ( => current thread )
  0x00000000593d9000 JavaThread "WorkerExecutor Queue Thread 5" [_thread_blocked, id=6044, stack(0x000000006e040000,0x000000006e140000)]
  0x00000000593dc000 JavaThread "stdout" [_thread_in_native, id=5844, stack(0x000000006bd50000,0x000000006be50000)]
  0x00000000593da800 JavaThread "stderr" [_thread_in_native, id=6032, stack(0x000000006bc30000,0x000000006bd30000)]
  0x00000000593db800 JavaThread "stdout" [_thread_in_native, id=5720, stack(0x0000000064e50000,0x0000000064f50000)]
  0x000000005c360800 JavaThread "stderr" [_thread_in_native, id=1088, stack(0x000000006b880000,0x000000006b980000)]
  0x000000005c35f000 JavaThread "stdout" [_thread_in_native, id=4720, stack(0x0000000064950000,0x0000000064a50000)]
  0x000000005c360000 JavaThread "stderr" [_thread_in_native, id=4072, stack(0x000000005b900000,0x000000005ba00000)]
  0x000000005c363000 JavaThread "pool-19-thread-1" [_thread_blocked, id=5836, stack(0x0000000066600000,0x0000000066700000)]
  0x000000005c362000 JavaThread "WorkerExecutor Queue Thread 4" [_thread_blocked, id=5852, stack(0x00000000641f0000,0x00000000642f0000)]
  0x000000005c361800 JavaThread "WorkerExecutor Queue Thread 3" [_thread_blocked, id=3896, stack(0x0000000065170000,0x0000000065270000)]
  0x0000000058e53800 JavaThread "WorkerExecutor Queue Thread 2" [_thread_blocked, id=3360, stack(0x0000000063b20000,0x0000000063c20000)]
  0x0000000058e51800 JavaThread "WorkerExecutor Queue" [_thread_blocked, id=5244, stack(0x0000000063e20000,0x0000000063f20000)]
  0x0000000058e54800 JavaThread "Cache worker for execution history cache (C:\Users\admin\AndroidStudioProjects\MusicShop\.gradle\5.6.4\executionHistory)" [_thread_blocked, id=4476, stack(0x0000000064d10000,0x0000000064e10000)]
  0x0000000058e52000 JavaThread "Execution worker for ':' Thread 3" [_thread_blocked, id=5252, stack(0x0000000064840000,0x0000000064940000)]
  0x0000000058e55000 JavaThread "Execution worker for ':' Thread 2" [_thread_blocked, id=3588, stack(0x0000000064320000,0x0000000064420000)]
  0x0000000058e53000 JavaThread "Execution worker for ':'" [_thread_blocked, id=5620, stack(0x00000000640f0000,0x00000000641f0000)]
  0x0000000059f8f000 JavaThread "Cache worker for file content cache (C:\Users\admin\AndroidStudioProjects\MusicShop\.gradle\5.6.4\fileContent)" [_thread_blocked, id=3256, stack(0x00000000639f0000,0x0000000063af0000)]
  0x0000000059f8f800 JavaThread "Cache worker for Build Output Cleanup Cache (C:\Users\admin\AndroidStudioProjects\MusicShop\.gradle\buildOutputCleanup)" [_thread_blocked, id=4736, stack(0x0000000062160000,0x0000000062260000)]
  0x0000000059f94000 JavaThread "pool-18-thread-1" [_thread_blocked, id=3944, stack(0x00000000638d0000,0x00000000639d0000)]
  0x0000000059f95800 JavaThread "Build operations Thread 4" [_thread_blocked, id=2976, stack(0x00000000617d0000,0x00000000618d0000)]
  0x0000000059f95000 JavaThread "Build operations Thread 3" [_thread_blocked, id=5984, stack(0x000000005bb00000,0x000000005bc00000)]
  0x0000000059f92000 JavaThread "Build operations Thread 2" [_thread_blocked, id=5676, stack(0x0000000063760000,0x0000000063860000)]
  0x0000000059ea0000 JavaThread "Build operations" [_thread_blocked, id=3776, stack(0x0000000060e90000,0x0000000060f90000)]
  0x0000000059e9d000 JavaThread "Cache worker for cache directory md-rule (C:\Users\admin\.gradle\caches\5.6.4\md-rule)" [_thread_blocked, id=1716, stack(0x000000005f400000,0x000000005f500000)]
  0x0000000059e97000 JavaThread "Cache worker for cache directory md-supplier (C:\Users\admin\.gradle\caches\5.6.4\md-supplier)" [_thread_blocked, id=3100, stack(0x0000000060cb0000,0x0000000060db0000)]
  0x0000000059e96800 JavaThread "Cache worker for file hash cache (C:\Users\admin\AndroidStudioProjects\MusicShop\.gradle\5.6.4\fileHashes)" [_thread_blocked, id=3112, stack(0x0000000060ae0000,0x0000000060be0000)]
  0x0000000059e92800 JavaThread "Thread-142" [_thread_blocked, id=4496, stack(0x000000005be20000,0x000000005bf20000)]
  0x0000000059e9a000 JavaThread "Stdin handler" [_thread_blocked, id=2284, stack(0x000000005e420000,0x000000005e520000)]
  0x0000000059e9b800 JavaThread "Asynchronous log dispatcher for DefaultDaemonConnection: socket connection from /127.0.0.1:58186 to /127.0.0.1:59565" [_thread_blocked, id=5084, stack(0x000000005b480000,0x000000005b580000)]
  0x0000000059e99800 JavaThread "Daemon worker Thread 7" [_thread_blocked, id=3400, stack(0x000000005b0b0000,0x000000005b1b0000)]
  0x0000000059e9b000 JavaThread "Cancel handler" [_thread_blocked, id=3724, stack(0x000000005b7e0000,0x000000005b8e0000)]
  0x0000000059e9c800 JavaThread "Handler for socket connection from /127.0.0.1:58186 to /127.0.0.1:59565" [_thread_in_native, id=3712, stack(0x000000005b330000,0x000000005b430000)]
  0x0000000059e93800 JavaThread "Daemon Thread 7" [_thread_blocked, id=5988, stack(0x00000000598f0000,0x00000000599f0000)]
  0x0000000058e58000 JavaThread "Cache worker for Java compile cache (C:\Users\admin\.gradle\caches\5.6.4\javaCompile)" [_thread_blocked, id=2716, stack(0x0000000063f40000,0x0000000064040000)]
  0x000000005a0da800 JavaThread "MarlinRenderer Disposer" daemon [_thread_blocked, id=4712, stack(0x00000000652e0000,0x00000000653e0000)]
  0x000000005a0da000 JavaThread "Java2D Disposer" daemon [_thread_blocked, id=2860, stack(0x0000000064650000,0x0000000064750000)]
  0x0000000059f93800 JavaThread "Cache worker for file content cache (C:\Users\admin\.gradle\caches\5.6.4\fileContent)" [_thread_blocked, id=3284, stack(0x00000000632f0000,0x00000000633f0000)]
  0x0000000059e9e800 JavaThread "Memory manager" [_thread_blocked, id=3320, stack(0x0000000061050000,0x0000000061150000)]
  0x0000000059e98000 JavaThread "Cache worker for execution history cache (C:\Users\admin\.gradle\caches\5.6.4\executionHistory)" [_thread_blocked, id=3660, stack(0x0000000057d60000,0x0000000057e60000)]
  0x0000000059e92000 JavaThread "Cache worker for journal cache (C:\Users\admin\.gradle\caches\journal-1)" [_thread_blocked, id=4124, stack(0x000000005c090000,0x000000005c190000)]
  0x0000000059e91000 JavaThread "File lock request listener" [_thread_in_native, id=3808, stack(0x000000005bf90000,0x000000005c090000)]
  0x0000000059eef000 JavaThread "Cache worker for file hash cache (C:\Users\admin\.gradle\caches\5.6.4\fileHashes)" [_thread_blocked, id=3644, stack(0x000000005ba00000,0x000000005bb00000)]
  0x0000000059d3c000 JavaThread "Daemon periodic checks" [_thread_blocked, id=1740, stack(0x000000005b1b0000,0x000000005b2b0000)]
  0x0000000059d3b000 JavaThread "Incoming local TCP Connector on port 58186" [_thread_in_native, id=4964, stack(0x000000005afa0000,0x000000005b0a0000)]
  0x0000000057801000 JavaThread "Daemon health stats" [_thread_blocked, id=1832, stack(0x000000005ab00000,0x000000005ac00000)]
  0x00000000574ea000 JavaThread "Service Thread" daemon [_thread_blocked, id=6136, stack(0x0000000057e60000,0x0000000057f60000)]
  0x0000000057467800 JavaThread "C1 CompilerThread2" daemon [_thread_blocked, id=2652, stack(0x0000000057c30000,0x0000000057d30000)]
=>0x0000000057453800 JavaThread "C2 CompilerThread1" daemon [_thread_in_native, id=916, stack(0x00000000578c0000,0x00000000579c0000)]
  0x0000000055e7f800 JavaThread "C2 CompilerThread0" daemon [_thread_blocked, id=3868, stack(0x0000000057a40000,0x0000000057b40000)]
  0x0000000055e7b000 JavaThread "Attach Listener" daemon [_thread_blocked, id=3336, stack(0x00000000571e0000,0x00000000572e0000)]
  0x0000000055e77800 JavaThread "Signal Dispatcher" daemon [_thread_blocked, id=4360, stack(0x0000000057350000,0x0000000057450000)]
  0x0000000055e58000 JavaThread "Finalizer" daemon [_thread_blocked, id=900, stack(0x0000000056fc0000,0x00000000570c0000)]
  0x0000000055e51000 JavaThread "Reference Handler" daemon [_thread_blocked, id=3452, stack(0x0000000056d70000,0x0000000056e70000)]
  0x000000000026e000 JavaThread "main" [_thread_blocked, id=4520, stack(0x0000000002040000,0x0000000002140000)]

Other Threads:
  0x0000000055e09000 VMThread [stack: 0x0000000056ea0000,0x0000000056fa0000] [id=4668]
  0x0000000057479000 WatcherThread [stack: 0x0000000057fd0000,0x00000000580d0000] [id=4828]

VM state:not at safepoint (normal execution)

VM Mutex/Monitor currently owned by a thread: None

heap address: 0x00000000a0000000, size: 1536 MB, Compressed Oops mode: 32-bit
Narrow klass base: 0x0000000000000000, Narrow klass shift: 0
Compressed class space size: 1073741824 Address: 0x0000000015480000

Heap:
 PSYoungGen      total 479232K, used 294423K [0x00000000e0000000, 0x0000000100000000, 0x0000000100000000)
  eden space 459776K, 59% used [0x00000000e0000000,0x00000000f0c91a58,0x00000000fc100000)
  from space 19456K, 99% used [0x00000000fc100000,0x00000000fd3f43d8,0x00000000fd400000)
  to   space 32768K, 0% used [0x00000000fe000000,0x00000000fe000000,0x0000000100000000)
 ParOldGen       total 150528K, used 84548K [0x00000000a0000000, 0x00000000a9300000, 0x00000000e0000000)
  object space 150528K, 56% used [0x00000000a0000000,0x00000000a52911d8,0x00000000a9300000)
 Metaspace       used 104442K, capacity 110204K, committed 110336K, reserved 1144832K
  class space    used 13397K, capacity 14518K, committed 14592K, reserved 1048576K

Card table byte_map: [0x00000000117d0000,0x0000000011ae0000] byte_map_base: 0x00000000112d0000

Marking Bits: (ParMarkBitMap*) 0x000000006ef49f30
 Begin Bits: [0x0000000012180000, 0x0000000013980000)
 End Bits:   [0x0000000013980000, 0x0000000015180000)

Polling page: 0x0000000000210000

CodeCache: size=245760Kb used=61680Kb max_used=61694Kb free=184079Kb
 bounds [0x0000000002410000, 0x00000000060b0000, 0x0000000011410000]
 total_blobs=19195 nmethods=18175 adapters=929
 compilation: enabled

Compilation events (10 events):
Event: 4746.395 Thread 0x0000000057467800 nmethod 22352 0x0000000006093510 code [0x0000000006093680, 0x0000000006093970]
Event: 4746.397 Thread 0x0000000057467800 22355       3       java.io.ObjectOutputStream$ReplaceTable::assign (33 bytes)
Event: 4746.398 Thread 0x0000000057467800 nmethod 22355 0x0000000006092bd0 code [0x0000000006092d80, 0x00000000060932d8]
Event: 4746.398 Thread 0x0000000057467800 22354   !   3       java.io.ObjectStreamClass::invokeWriteReplace (73 bytes)
Event: 4746.399 Thread 0x0000000057467800 nmethod 22354 0x00000000060965d0 code [0x00000000060967e0, 0x0000000006097128]
Event: 4746.436 Thread 0x0000000055e7f800 nmethod 22348 0x000000000609b750 code [0x000000000609ba00, 0x000000000609cf28]
Event: 4746.436 Thread 0x0000000055e7f800 22349       4       org.gradle.internal.fingerprint.impl.RelativePathFingerprintingStrategy$1::createFingerprint (48 bytes)
Event: 4746.473 Thread 0x0000000055e7f800 nmethod 22349 0x000000000609f2d0 code [0x000000000609f520, 0x00000000060a0488]
Event: 4746.473 Thread 0x0000000055e7f800 22353       4       com.google.common.io.Files::getFileExtension (42 bytes)
Event: 4746.503 Thread 0x0000000055e7f800 nmethod 22353 0x00000000060a1d90 code [0x00000000060a1f60, 0x00000000060a2b90]

GC Heap History (10 events):
Event: 1474.433 GC heap before
{Heap before GC invocations=17 (full 4):
 PSYoungGen      total 489472K, used 460288K [0x00000000e0000000, 0x00000000ffd80000, 0x0000000100000000)
  eden space 460288K, 100% used [0x00000000e0000000,0x00000000fc180000,0x00000000fc180000)
  from space 29184K, 0% used [0x00000000fe100000,0x00000000fe100000,0x00000000ffd80000)
  to   space 30720K, 0% used [0x00000000fc180000,0x00000000fc180000,0x00000000fdf80000)
 ParOldGen       total 150528K, used 64288K [0x00000000a0000000, 0x00000000a9300000, 0x00000000e0000000)
  object space 150528K, 42% used [0x00000000a0000000,0x00000000a3ec82b0,0x00000000a9300000)
 Metaspace       used 98579K, capacity 103010K, committed 103296K, reserved 1138688K
  class space    used 12761K, capacity 13655K, committed 13696K, reserved 1048576K
Event: 1474.606 GC heap after
Heap after GC invocations=17 (full 4):
 PSYoungGen      total 491008K, used 13651K [0x00000000e0000000, 0x00000000ffd80000, 0x0000000100000000)
  eden space 460288K, 0% used [0x00000000e0000000,0x00000000e0000000,0x00000000fc180000)
  from space 30720K, 44% used [0x00000000fc180000,0x00000000fced4c38,0x00000000fdf80000)
  to   space 28672K, 0% used [0x00000000fe180000,0x00000000fe180000,0x00000000ffd80000)
 ParOldGen       total 150528K, used 64296K [0x00000000a0000000, 0x00000000a9300000, 0x00000000e0000000)
  object space 150528K, 42% used [0x00000000a0000000,0x00000000a3eca2b0,0x00000000a9300000)
 Metaspace       used 98579K, capacity 103010K, committed 103296K, reserved 1138688K
  class space    used 12761K, capacity 13655K, committed 13696K, reserved 1048576K
}
Event: 1478.149 GC heap before
{Heap before GC invocations=18 (full 4):
 PSYoungGen      total 491008K, used 473939K [0x00000000e0000000, 0x00000000ffd80000, 0x0000000100000000)
  eden space 460288K, 100% used [0x00000000e0000000,0x00000000fc180000,0x00000000fc180000)
  from space 30720K, 44% used [0x00000000fc180000,0x00000000fced4c38,0x00000000fdf80000)
  to   space 28672K, 0% used [0x00000000fe180000,0x00000000fe180000,0x00000000ffd80000)
 ParOldGen       total 150528K, used 64296K [0x00000000a0000000, 0x00000000a9300000, 0x00000000e0000000)
  object space 150528K, 42% used [0x00000000a0000000,0x00000000a3eca2b0,0x00000000a9300000)
 Metaspace       used 98805K, capacity 103228K, committed 103296K, reserved 1138688K
  class space    used 12768K, capacity 13656K, committed 13696K, reserved 1048576K
Event: 1478.195 GC heap after
Heap after GC invocations=18 (full 4):
 PSYoungGen      total 493056K, used 10287K [0x00000000e0000000, 0x00000000ffd00000, 0x0000000100000000)
  eden space 464896K, 0% used [0x00000000e0000000,0x00000000e0000000,0x00000000fc600000)
  from space 28160K, 36% used [0x00000000fe180000,0x00000000feb8bc88,0x00000000ffd00000)
  to   space 28160K, 0% used [0x00000000fc600000,0x00000000fc600000,0x00000000fe180000)
 ParOldGen       total 150528K, used 73217K [0x00000000a0000000, 0x00000000a9300000, 0x00000000e0000000)
  object space 150528K, 48% used [0x00000000a0000000,0x00000000a4780658,0x00000000a9300000)
 Metaspace       used 98805K, capacity 103228K, committed 103296K, reserved 1138688K
  class space    used 12768K, capacity 13656K, committed 13696K, reserved 1048576K
}
Event: 1484.486 GC heap before
{Heap before GC invocations=19 (full 4):
 PSYoungGen      total 493056K, used 475183K [0x00000000e0000000, 0x00000000ffd00000, 0x0000000100000000)
  eden space 464896K, 100% used [0x00000000e0000000,0x00000000fc600000,0x00000000fc600000)
  from space 28160K, 36% used [0x00000000fe180000,0x00000000feb8bc88,0x00000000ffd00000)
  to   space 28160K, 0% used [0x00000000fc600000,0x00000000fc600000,0x00000000fe180000)
 ParOldGen       total 150528K, used 73217K [0x00000000a0000000, 0x00000000a9300000, 0x00000000e0000000)
  object space 150528K, 48% used [0x00000000a0000000,0x00000000a4780658,0x00000000a9300000)
 Metaspace       used 98945K, capacity 103360K, committed 103552K, reserved 1138688K
  class space    used 12787K, capacity 13696K, committed 13696K, reserved 1048576K
Event: 1484.624 GC heap after
Heap after GC invocations=19 (full 4):
 PSYoungGen      total 493056K, used 3232K [0x00000000e0000000, 0x0000000100000000, 0x0000000100000000)
  eden space 464896K, 0% used [0x00000000e0000000,0x00000000e0000000,0x00000000fc600000)
  from space 28160K, 11% used [0x00000000fc600000,0x00000000fc928010,0x00000000fe180000)
  to   space 28160K, 0% used [0x00000000fe480000,0x00000000fe480000,0x0000000100000000)
 ParOldGen       total 150528K, used 80526K [0x00000000a0000000, 0x00000000a9300000, 0x00000000e0000000)
  object space 150528K, 53% used [0x00000000a0000000,0x00000000a4ea3bb8,0x00000000a9300000)
 Metaspace       used 98945K, capacity 103360K, committed 103552K, reserved 1138688K
  class space    used 12787K, capacity 13696K, committed 13696K, reserved 1048576K
}
Event: 1488.417 GC heap before
{Heap before GC invocations=20 (full 4):
 PSYoungGen      total 493056K, used 468128K [0x00000000e0000000, 0x0000000100000000, 0x0000000100000000)
  eden space 464896K, 100% used [0x00000000e0000000,0x00000000fc600000,0x00000000fc600000)
  from space 28160K, 11% used [0x00000000fc600000,0x00000000fc928010,0x00000000fe180000)
  to   space 28160K, 0% used [0x00000000fe480000,0x00000000fe480000,0x0000000100000000)
 ParOldGen       total 150528K, used 80526K [0x00000000a0000000, 0x00000000a9300000, 0x00000000e0000000)
  object space 150528K, 53% used [0x00000000a0000000,0x00000000a4ea3bb8,0x00000000a9300000)
 Metaspace       used 99701K, capacity 104166K, committed 104448K, reserved 1140736K
  class space    used 12847K, capacity 13749K, committed 13824K, reserved 1048576K
Event: 1488.714 GC heap after
Heap after GC invocations=20 (full 4):
 PSYoungGen      total 487936K, used 27746K [0x00000000e0000000, 0x0000000100000000, 0x0000000100000000)
  eden space 459776K, 0% used [0x00000000e0000000,0x00000000e0000000,0x00000000fc100000)
  from space 28160K, 98% used [0x00000000fe480000,0x00000000fff98ba0,0x0000000100000000)
  to   space 32256K, 0% used [0x00000000fc100000,0x00000000fc100000,0x00000000fe080000)
 ParOldGen       total 150528K, used 81887K [0x00000000a0000000, 0x00000000a9300000, 0x00000000e0000000)
  object space 150528K, 54% used [0x00000000a0000000,0x00000000a4ff7c28,0x00000000a9300000)
 Metaspace       used 99701K, capacity 104166K, committed 104448K, reserved 1140736K
  class space    used 12847K, capacity 13749K, committed 13824K, reserved 1048576K
}
Event: 2695.618 GC heap before
{Heap before GC invocations=21 (full 4):
 PSYoungGen      total 487936K, used 487522K [0x00000000e0000000, 0x0000000100000000, 0x0000000100000000)
  eden space 459776K, 100% used [0x00000000e0000000,0x00000000fc100000,0x00000000fc100000)
  from space 28160K, 98% used [0x00000000fe480000,0x00000000fff98ba0,0x0000000100000000)
  to   space 32256K, 0% used [0x00000000fc100000,0x00000000fc100000,0x00000000fe080000)
 ParOldGen       total 150528K, used 81887K [0x00000000a0000000, 0x00000000a9300000, 0x00000000e0000000)
  object space 150528K, 54% used [0x00000000a0000000,0x00000000a4ff7c28,0x00000000a9300000)
 Metaspace       used 103350K, capacity 108830K, committed 109184K, reserved 1144832K
  class space    used 13297K, capacity 14352K, committed 14464K, reserved 1048576K
Event: 2695.656 GC heap after
Heap after GC invocations=21 (full 4):
 PSYoungGen      total 479232K, used 19408K [0x00000000e0000000, 0x0000000100000000, 0x0000000100000000)
  eden space 459776K, 0% used [0x00000000e0000000,0x00000000e0000000,0x00000000fc100000)
  from space 19456K, 99% used [0x00000000fc100000,0x00000000fd3f43d8,0x00000000fd400000)
  to   space 32768K, 0% used [0x00000000fe000000,0x00000000fe000000,0x0000000100000000)
 ParOldGen       total 150528K, used 84548K [0x00000000a0000000, 0x00000000a9300000, 0x00000000e0000000)
  object space 150528K, 56% used [0x00000000a0000000,0x00000000a52911d8,0x00000000a9300000)
 Metaspace       used 103350K, capacity 108830K, committed 109184K, reserved 1144832K
  class space    used 13297K, capacity 14352K, committed 14464K, reserved 1048576K
}

Deoptimization events (10 events):
Event: 2696.177 Thread 0x0000000059e9b000 Uncommon trap: reason=array_check action=maybe_recompile pc=0x00000000026149a0 method=com.google.common.collect.RegularImmutableMap.fromEntryArray(I[Ljava/util/Map$Entry;)Lcom/google/common/collect/ImmutableMap; @ 157
Event: 4743.011 Thread 0x0000000059e99800 Uncommon trap: reason=null_check action=make_not_entrant pc=0x0000000005e4c68c method=org.gradle.api.internal.collections.CollectionFilter.filter(Ljava/lang/Object;)Ljava/lang/Object; @ 5
Event: 4743.557 Thread 0x0000000059e99800 Uncommon trap: reason=class_check action=maybe_recompile pc=0x000000000307dd50 method=java.io.Writer.append(C)Ljava/io/Writer; @ 2
Event: 4743.557 Thread 0x0000000059e99800 Uncommon trap: reason=class_check action=maybe_recompile pc=0x000000000307dd50 method=java.io.Writer.append(C)Ljava/io/Writer; @ 2
Event: 4743.557 Thread 0x0000000059e99800 Uncommon trap: reason=class_check action=maybe_recompile pc=0x000000000307dd50 method=java.io.Writer.append(C)Ljava/io/Writer; @ 2
Event: 4743.558 Thread 0x0000000059e99800 Uncommon trap: reason=class_check action=maybe_recompile pc=0x000000000307dd50 method=java.io.Writer.append(C)Ljava/io/Writer; @ 2
Event: 4745.373 Thread 0x0000000058e52000 Uncommon trap: reason=class_check action=maybe_recompile pc=0x0000000005fd09b8 method=com.sun.org.apache.xerces.internal.dom.AttrImpl.getOwnerElement()Lorg/w3c/dom/Element; @ 18
Event: 4745.373 Thread 0x0000000058e52000 Uncommon trap: reason=class_check action=maybe_recompile pc=0x0000000005fd09b8 method=com.sun.org.apache.xerces.internal.dom.AttrImpl.getOwnerElement()Lorg/w3c/dom/Element; @ 18
Event: 4745.377 Thread 0x0000000058e52000 Uncommon trap: reason=class_check action=maybe_recompile pc=0x0000000005fd09b8 method=com.sun.org.apache.xerces.internal.dom.AttrImpl.getOwnerElement()Lorg/w3c/dom/Element; @ 18
Event: 4745.377 Thread 0x0000000058e52000 Uncommon trap: reason=class_check action=maybe_recompile pc=0x0000000005fd09b8 method=com.sun.org.apache.xerces.internal.dom.AttrImpl.getOwnerElement()Lorg/w3c/dom/Element; @ 18

Classes redefined (0 events):
No events

Internal exceptions (10 events):
Event: 2695.812 Thread 0x0000000059e9b000 Exception <a 'java/lang/ClassNotFoundException': org/jetbrains/plugins/gradle/tooling/util/SourceSetCachedFinderBeanInfo> (0x00000000e0c78010) thrown at [D:\src\AOSP-openjdk-cygwin\jdk8u\hotspot\src\share\vm\classfile\systemDictionary.cpp, line 210]
Event: 2695.813 Thread 0x0000000059e9b000 Exception <a 'java/lang/ClassNotFoundException': org/jetbrains/plugins/gradle/tooling/util/SourceSetCachedFinderCustomizer> (0x00000000e0c8c598) thrown at [D:\src\AOSP-openjdk-cygwin\jdk8u\hotspot\src\share\vm\classfile\systemDictionary.cpp, line 210]
Event: 2696.071 Thread 0x0000000059e9b000 Exception <a 'java/lang/ClassNotFoundException': org/jetbrains/plugins/gradle/tooling/util/JavaPluginUtilBeanInfo> (0x00000000e1b99470) thrown at [D:\src\AOSP-openjdk-cygwin\jdk8u\hotspot\src\share\vm\classfile\systemDictionary.cpp, line 210]
Event: 2696.072 Thread 0x0000000059e9b000 Exception <a 'java/lang/ClassNotFoundException': org/jetbrains/plugins/gradle/tooling/util/JavaPluginUtilCustomizer> (0x00000000e1bac3f0) thrown at [D:\src\AOSP-openjdk-cygwin\jdk8u\hotspot\src\share\vm\classfile\systemDictionary.cpp, line 210]
Event: 2697.100 Thread 0x0000000059e9b000 Exception <a 'sun/nio/fs/WindowsException'> (0x00000000e4292fe0) thrown at [D:\src\AOSP-openjdk-cygwin\jdk8u\hotspot\src\share\vm\prims\jni.cpp, line 710]
Event: 4742.986 Thread 0x0000000059e99800 Exception <a 'sun/nio/fs/WindowsException'> (0x00000000e6636b30) thrown at [D:\src\AOSP-openjdk-cygwin\jdk8u\hotspot\src\share\vm\prims\jni.cpp, line 710]
Event: 4743.011 Thread 0x0000000059e99800 Implicit null exception at 0x0000000005e4c54f to 0x0000000005e4c679
Event: 4743.674 Thread 0x0000000058e51800 Exception <a 'sun/nio/fs/WindowsException'> (0x00000000e860cb40) thrown at [D:\src\AOSP-openjdk-cygwin\jdk8u\hotspot\src\share\vm\prims\jni.cpp, line 710]
Event: 4743.735 Thread 0x0000000059e99800 Exception <a 'sun/nio/fs/WindowsException'> (0x00000000e89d2150) thrown at [D:\src\AOSP-openjdk-cygwin\jdk8u\hotspot\src\share\vm\prims\jni.cpp, line 710]
Event: 4746.103 Thread 0x0000000058e53000 Exception <a 'sun/nio/fs/WindowsException'> (0x00000000f018b270) thrown at [D:\src\AOSP-openjdk-cygwin\jdk8u\hotspot\src\share\vm\prims\jni.cpp, line 710]

Events (10 events):
Event: 4746.351 Executing VM operation: RevokeBias done
Event: 4746.394 Executing VM operation: RevokeBias
Event: 4746.395 Executing VM operation: RevokeBias done
Event: 4746.399 Thread 0x00000000593d9000 Thread added: 0x00000000593d9000
Event: 4746.402 Executing VM operation: RevokeBias
Event: 4746.408 Executing VM operation: RevokeBias done
Event: 4746.462 Executing VM operation: RevokeBias
Event: 4746.462 Executing VM operation: RevokeBias done
Event: 4746.463 Executing VM operation: RevokeBias
Event: 4746.463 Executing VM operation: RevokeBias done


Dynamic libraries:
0x000000013fdb0000 - 0x000000013fde1000 	D:\Programs\Android Studio\jre\bin\java.exe
0x0000000076dc0000 - 0x0000000076f5f000 	C:\Windows\SYSTEM32\ntdll.dll
0x0000000076ba0000 - 0x0000000076cbf000 	C:\Windows\system32\kernel32.dll
0x000007fefcc20000 - 0x000007fefcc8a000 	C:\Windows\system32\KERNELBASE.dll
0x000007fefe220000 - 0x000007fefe2fb000 	C:\Windows\system32\ADVAPI32.dll
0x000007fefe300000 - 0x000007fefe39f000 	C:\Windows\system32\msvcrt.dll
0x000007fefe8e0000 - 0x000007fefe8ff000 	C:\Windows\SYSTEM32\sechost.dll
0x000007fefcfc0000 - 0x000007fefd0ec000 	C:\Windows\system32\RPCRT4.dll
0x0000000076cc0000 - 0x0000000076dba000 	C:\Windows\system32\USER32.dll
0x000007fefeeb0000 - 0x000007fefef17000 	C:\Windows\system32\GDI32.dll
0x000007fefe670000 - 0x000007fefe67e000 	C:\Windows\system32\LPK.dll
0x000007fefe700000 - 0x000007fefe7cb000 	C:\Windows\system32\USP10.dll
0x000007fefaa50000 - 0x000007fefac45000 	C:\Windows\WinSxS\amd64_microsoft.windows.common-controls_6595b64144ccf1df_6.0.7601.24380_none_e3731d0b30fb6b11\COMCTL32.dll
0x000007fefe680000 - 0x000007fefe6f1000 	C:\Windows\system32\SHLWAPI.dll
0x000007fefe7d0000 - 0x000007fefe7fe000 	C:\Windows\system32\IMM32.DLL
0x000007fefceb0000 - 0x000007fefcfb9000 	C:\Windows\system32\MSCTF.dll
0x00000000718a0000 - 0x0000000071972000 	D:\Programs\Android Studio\jre\jre\bin\msvcr100.dll
0x000000006e780000 - 0x000000006efc6000 	D:\Programs\Android Studio\jre\jre\bin\server\jvm.dll
0x000007fef3f30000 - 0x000007fef3f39000 	C:\Windows\system32\WSOCK32.dll
0x000007fefe9a0000 - 0x000007fefe9ed000 	C:\Windows\system32\WS2_32.dll
0x000007fefeea0000 - 0x000007fefeea8000 	C:\Windows\system32\NSI.dll
0x000007fef97f0000 - 0x000007fef982b000 	C:\Windows\system32\WINMM.dll
0x000007fefb9d0000 - 0x000007fefb9dc000 	C:\Windows\system32\VERSION.dll
0x0000000076f70000 - 0x0000000076f77000 	C:\Windows\system32\PSAPI.DLL
0x000007fef6fa0000 - 0x000007fef6faf000 	D:\Programs\Android Studio\jre\jre\bin\verify.dll
0x000007fef6b20000 - 0x000007fef6b49000 	D:\Programs\Android Studio\jre\jre\bin\java.dll
0x000007fef6f80000 - 0x000007fef6f96000 	D:\Programs\Android Studio\jre\jre\bin\zip.dll
0x000007fefd230000 - 0x000007fefdfbb000 	C:\Windows\system32\SHELL32.dll
0x000007fefdfc0000 - 0x000007fefe1bf000 	C:\Windows\system32\ole32.dll
0x000007fefc910000 - 0x000007fefc91f000 	C:\Windows\system32\profapi.dll
0x000007fef2530000 - 0x000007fef254a000 	D:\Programs\Android Studio\jre\jre\bin\net.dll
0x000007fefef20000 - 0x000007feff0a8000 	C:\Windows\system32\urlmon.dll
0x000007fefcc90000 - 0x000007fefcc94000 	C:\Windows\system32\api-ms-win-downlevel-ole32-l1-1-0.dll
0x000007fefcae0000 - 0x000007fefcae4000 	C:\Windows\system32\api-ms-win-downlevel-shlwapi-l1-1-0.dll
0x000007fefcad0000 - 0x000007fefcad5000 	C:\Windows\system32\api-ms-win-downlevel-advapi32-l1-1-0.dll
0x000007fefc950000 - 0x000007fefc954000 	C:\Windows\system32\api-ms-win-downlevel-user32-l1-1-0.dll
0x000007fefcca0000 - 0x000007fefcca4000 	C:\Windows\system32\api-ms-win-downlevel-version-l1-1-0.dll
0x000007fefcb90000 - 0x000007fefcb93000 	C:\Windows\system32\api-ms-win-downlevel-normaliz-l1-1-0.dll
0x0000000076f60000 - 0x0000000076f63000 	C:\Windows\system32\normaliz.DLL
0x000007fefe3a0000 - 0x000007fefe66a000 	C:\Windows\system32\iertutil.dll
0x000007fefe9f0000 - 0x000007fefee9c000 	C:\Windows\system32\WININET.dll
0x000007fefccb0000 - 0x000007fefccce000 	C:\Windows\system32\USERENV.dll
0x000007fefc090000 - 0x000007fefc0e5000 	C:\Windows\system32\mswsock.dll
0x000007fefc080000 - 0x000007fefc087000 	C:\Windows\System32\wship6.dll
0x000007fef2510000 - 0x000007fef2523000 	D:\Programs\Android Studio\jre\jre\bin\nio.dll
0x000007fef07d0000 - 0x000007fef07f6000 	C:\Users\admin\.gradle\native\30\windows-amd64\native-platform.dll
0x000007fef9ed0000 - 0x000007fef9ed3000 	C:\Windows\system32\api-ms-win-core-synch-l1-2-0.DLL
0x000007fef2500000 - 0x000007fef250d000 	D:\Programs\Android Studio\jre\jre\bin\management.dll
0x000007fefc0f0000 - 0x000007fefc108000 	C:\Windows\system32\CRYPTSP.dll
0x000007fefbdf0000 - 0x000007fefbe37000 	C:\Windows\system32\rsaenh.dll
0x000007fefc7b0000 - 0x000007fefc7bf000 	C:\Windows\system32\CRYPTBASE.dll
0x000007fefb2d0000 - 0x000007fefb2f7000 	C:\Windows\system32\IPHLPAPI.DLL
0x000007fefb2c0000 - 0x000007fefb2cb000 	C:\Windows\system32\WINNSI.DLL
0x000007fefb010000 - 0x000007fefb021000 	C:\Windows\system32\dhcpcsvc6.DLL
0x000007fefb150000 - 0x000007fefb168000 	C:\Windows\system32\dhcpcsvc.DLL
0x000007fefc750000 - 0x000007fefc7a7000 	C:\Windows\system32\apphelp.dll
0x000007fef2360000 - 0x000007fef24fc000 	D:\Programs\Android Studio\jre\jre\bin\awt.dll
0x000007fefa170000 - 0x000007fefa188000 	C:\Windows\system32\dwmapi.dll
0x000007fefe800000 - 0x000007fefe8db000 	C:\Windows\system32\OLEAUT32.dll
0x000007feef810000 - 0x000007feefbd4000 	C:\Windows\system32\d2d1.dll

VM Arguments:
jvm_args: -Xmx1536m -Dfile.encoding=windows-1251 -Duser.country=RU -Duser.language=ru -Duser.variant 
java_command: org.gradle.launcher.daemon.bootstrap.GradleDaemon 5.6.4
java_class_path (initial): C:\Users\admin\.gradle\wrapper\dists\gradle-5.6.4-all\ankdp27end7byghfw1q2sw75f\gradle-5.6.4\lib\gradle-launcher-5.6.4.jar
Launcher Type: SUN_STANDARD

Environment Variables:
PATH=C:\Program Files (x86)\Common Files\Oracle\Java\javapath;C:\Windows\system32;C:\Windows;C:\Windows\System32\Wbem;C:\Windows\System32\WindowsPowerShell\v1.0\;d:\Programs\jdk-12.0.1\bin;C:\Program Files (x86)\NVIDIA Corporation\PhysX\Common;C:\Program Files\NVIDIA Corporation\NVIDIA NvDLISR
USERNAME=admin
OS=Windows_NT
PROCESSOR_IDENTIFIER=Intel64 Family 6 Model 23 Stepping 10, GenuineIntel



---------------  S Y S T E M  ---------------

OS: Windows 7 , 64 bit Build 7601 (6.1.7601.24408)

CPU:total 4 (initial active 4) (4 cores per cpu, 1 threads per core) family 6 model 23 stepping 10, cmov, cx8, fxsr, mmx, sse, sse2, sse3, ssse3, sse4.1, tsc

Memory: 4k page, physical 8387060k(739952k free), swap 9433736k(6412k free)

vm_info: OpenJDK 64-Bit Server VM (25.212-b04) for windows-amd64 JRE (1.8.0_212-release-1586-b04), built by "builder" with MS VC++ 10.0 (VS2010)

time: Sat Jun 06 01:02:57 2020
timezone: RTZ 2 (зима)
elapsed time: 4748 seconds (0d 1h 19m 8s)

